TN:
SF:expo-env.d.ts
FNF:0
FNH:0
LF:0
LH:0
BRF:0
BRH:0
end_of_record
TN:
SF:jest.config.js
FNF:0
FNH:0
DA:1,0
LF:1
LH:0
BRF:0
BRH:0
end_of_record
TN:
SF:.expo/types/router.d.ts
FNF:0
FNH:0
LF:0
LH:0
BRF:0
BRH:0
end_of_record
TN:
SF:actions/userActions.ts
FN:2,(anonymous_0)
FN:9,(anonymous_1)
FN:16,(anonymous_2)
FNF:3
FNH:3
FNDA:2,(anonymous_0)
FNDA:5,(anonymous_1)
FNDA:4,(anonymous_2)
DA:2,3
DA:3,2
DA:9,3
DA:10,5
DA:16,3
DA:17,4
DA:18,1
DA:20,3
LF:8
LH:8
BRDA:17,0,0,1
BRDA:17,0,1,3
BRDA:17,1,0,4
BRDA:17,1,1,3
BRF:4
BRH:4
end_of_record
TN:
SF:app/List.tsx
FN:11,(anonymous_0)
FN:19,(anonymous_1)
FN:38,(anonymous_2)
FN:39,(anonymous_3)
FNF:4
FNH:4
FNDA:6,(anonymous_0)
FNDA:3,(anonymous_1)
FNDA:2,(anonymous_2)
FNDA:3,(anonymous_3)
DA:9,1
DA:11,1
DA:12,6
DA:13,5
DA:14,3
DA:16,2
DA:19,1
DA:20,3
DA:22,3
DA:23,1
DA:26,2
DA:27,1
DA:34,1
DA:38,2
DA:39,3
DA:45,1
LF:16
LH:16
BRDA:13,0,0,3
BRDA:13,0,1,2
BRDA:22,1,0,1
BRDA:22,1,1,2
BRDA:26,2,0,1
BRDA:26,2,1,1
BRF:6
BRH:6
end_of_record
TN:
SF:app/Tasks.tsx
FN:11,(anonymous_0)
FN:12,(anonymous_1)
FN:15,(anonymous_2)
FN:38,(anonymous_3)
FNF:4
FNH:4
FNDA:4,(anonymous_0)
FNDA:9,(anonymous_1)
FNDA:2,(anonymous_2)
FNDA:1,(anonymous_3)
DA:11,1
DA:12,9
DA:13,4
DA:15,4
DA:16,2
DA:19,4
DA:38,1
DA:46,1
LF:8
LH:8
BRDA:22,0,0,1
BRDA:22,0,1,3
BRF:2
BRH:2
end_of_record
TN:
SF:app/_layout.tsx
FN:9,(anonymous_0)
FNF:1
FNH:0
FNDA:0,(anonymous_0)
DA:7,0
DA:9,0
DA:10,0
LF:3
LH:0
BRF:0
BRH:0
end_of_record
TN:
SF:app/index.tsx
FN:5,Index
FNF:1
FNH:1
FNDA:1,Index
DA:6,1
DA:14,1
LF:2
LH:2
BRF:0
BRH:0
end_of_record
TN:
SF:components/AgregarModal.tsx
FN:8,(anonymous_0)
FN:9,(anonymous_1)
FN:13,(anonymous_2)
FN:18,(anonymous_3)
FN:34,(anonymous_4)
FNF:5
FNH:4
FNDA:14,(anonymous_0)
FNDA:25,(anonymous_1)
FNDA:2,(anonymous_2)
FNDA:1,(anonymous_3)
FNDA:0,(anonymous_4)
DA:8,2
DA:9,25
DA:10,14
DA:11,14
DA:13,14
DA:14,2
DA:15,2
DA:18,14
DA:19,1
DA:20,1
DA:21,1
DA:25,14
DA:34,0
DA:55,2
LF:14
LH:13
BRDA:19,0,0,1
BRDA:19,0,1,0
BRDA:45,1,0,14
BRDA:45,1,1,2
BRF:4
BRH:3
end_of_record
TN:
SF:components/CustomButton.tsx
FN:15,(anonymous_0)
FNF:1
FNH:1
FNDA:11,(anonymous_0)
DA:15,4
DA:18,11
DA:21,11
DA:22,11
DA:24,11
DA:25,2
DA:34,9
DA:44,4
LF:8
LH:8
BRDA:22,0,0,11
BRDA:22,0,1,9
BRDA:24,1,0,2
BRDA:24,1,1,9
BRF:4
BRH:4
end_of_record
TN:
SF:components/ListItem.tsx
FN:9,(anonymous_0)
FN:13,(anonymous_1)
FNF:2
FNH:2
FNDA:5,(anonymous_0)
FNDA:1,(anonymous_1)
DA:9,1
DA:11,5
DA:13,5
DA:14,1
DA:17,5
DA:33,1
LF:6
LH:6
BRDA:20,0,0,1
BRDA:20,0,1,4
BRF:2
BRH:2
end_of_record
TN:
SF:components/Spinner.tsx
FN:5,(anonymous_0)
FNF:1
FNH:1
FNDA:4,(anonymous_0)
DA:5,1
DA:6,4
DA:14,1
LF:3
LH:3
BRF:0
BRH:0
end_of_record
TN:
SF:components/TaskCard.tsx
FN:9,(anonymous_0)
FNF:1
FNH:1
FNDA:4,(anonymous_0)
DA:9,2
DA:11,4
DA:19,2
LF:3
LH:3
BRF:0
BRH:0
end_of_record
TN:
SF:reducers/userReducer.ts
FN:18,(anonymous_0)
FNF:1
FNH:1
FNDA:14,(anonymous_0)
DA:13,3
DA:20,14
DA:22,2
DA:24,1
DA:26,2
DA:29,9
LF:6
LH:6
BRDA:18,0,0,8
BRDA:20,1,0,2
BRDA:20,1,1,1
BRDA:20,1,2,2
BRF:4
BRH:4
end_of_record
TN:
SF:store/store.ts
FNF:0
FNH:0
DA:18,2
DA:22,2
LF:2
LH:2
BRF:0
BRH:0
end_of_record
TN:
SF:types/ApiItem.ts
FNF:0
FNH:0
LF:0
LH:0
BRF:0
BRH:0
end_of_record
TN:
SF:types/Task.ts
FNF:0
FNH:0
LF:0
LH:0
BRF:0
BRH:0
end_of_record
TN:
SF:types/index.ts
FNF:0
FNH:0
LF:0
LH:0
BRF:0
BRH:0
end_of_record
